#
# There is insufficient memory for the Java Runtime Environment to continue.
# Native memory allocation (malloc) failed to allocate 89456640 bytes for committing reserved memory.
# Possible reasons:
#   The system is out of physical RAM or swap space
#   In 32 bit mode, the process size limit was hit
# Possible solutions:
#   Reduce memory load on the system
#   Increase physical memory or swap space
#   Check if swap backing store is full
#   Use 64 bit Java on a 64 bit OS
#   Decrease Java heap size (-Xmx/-Xms)
#   Decrease number of Java threads
#   Decrease Java thread stack sizes (-Xss)
#   Set larger code cache with -XX:ReservedCodeCacheSize=
# This output file may be truncated or incomplete.
#
#  Out of Memory Error (os_linux.cpp:2827), pid=3674, tid=140211311859456
#
# JRE version:  (7.0_91-b02) (build )
# Java VM: OpenJDK 64-Bit Server VM (24.91-b01 mixed mode linux-amd64 compressed oops)
# Derivative: IcedTea 2.6.3
# Distribution: Ubuntu 14.04 LTS, package 7u91-2.6.3-0ubuntu0.14.04.1
# Failed to write core dump. Core dumps have been disabled. To enable core dumping, try "ulimit -c unlimited" before starting Java again
#

---------------  T H R E A D  ---------------

Current thread (0x00007f857400c800):  JavaThread "Unknown thread" [_thread_in_vm, id=3675, stack(0x00007f857d5fd000,0x00007f857d6fe000)]

Stack: [0x00007f857d5fd000,0x00007f857d6fe000],  sp=0x00007f857d6fc440,  free space=1021k
Native frames: (J=compiled Java code, j=interpreted, Vv=VM code, C=native code)
V  [libjvm.so+0x953e15]  VMError::report_and_die()+0x175
V  [libjvm.so+0x48fd94]  report_vm_out_of_memory(char const*, int, unsigned long, char const*)+0x74
V  [libjvm.so+0x7cf87b]  os::pd_commit_memory(char*, unsigned long, unsigned long, bool)+0xeb
V  [libjvm.so+0x7ca33f]  os::commit_memory(char*, unsigned long, unsigned long, bool)+0x1f
V  [libjvm.so+0x950d04]  VirtualSpace::expand_by(unsigned long, bool)+0x1c4
V  [libjvm.so+0x567ab5]  Generation::Generation(ReservedSpace, unsigned long, int)+0xc5
V  [libjvm.so+0x494788]  DefNewGeneration::DefNewGeneration(ReservedSpace, unsigned long, int, char const*)+0x58
V  [libjvm.so+0x568e03]  GenerationSpec::init(ReservedSpace, int, GenRemSet*)+0x533
V  [libjvm.so+0x55ac62]  GenCollectedHeap::initialize()+0x312
V  [libjvm.so+0x9247b7]  Universe::initialize_heap()+0xc7
V  [libjvm.so+0x924ae7]  universe_init()+0x67
V  [libjvm.so+0x5a2dd5]  init_globals()+0x55
V  [libjvm.so+0x90a4cf]  Threads::create_vm(JavaVMInitArgs*, bool*)+0x35f
V  [libjvm.so+0x60e834]  JNI_CreateJavaVM+0x54
C  [libjli.so+0x2b48]


---------------  P R O C E S S  ---------------

Java Threads: ( => current thread )

Other Threads:

=>0x00007f857400c800 (exited) JavaThread "Unknown thread" [_thread_in_vm, id=3675, stack(0x00007f857d5fd000,0x00007f857d6fe000)]

VM state:not at safepoint (not fully initialized)

VM Mutex/Monitor currently owned by a thread: None

GC Heap History (0 events):
No events

Deoptimization events (0 events):
No events

Internal exceptions (0 events):
No events

Events (0 events):
No events


Dynamic libraries:
00400000-00401000 r-xp 00000000 08:01 12076                              /usr/lib/jvm/java-7-openjdk-amd64/jre/bin/java
00600000-00601000 r--p 00000000 08:01 12076                              /usr/lib/jvm/java-7-openjdk-amd64/jre/bin/java
00601000-00602000 rw-p 00001000 08:01 12076                              /usr/lib/jvm/java-7-openjdk-amd64/jre/bin/java
01146000-01167000 rw-p 00000000 00:00 0                                  [heap]
b5550000-100000000 rw-p 00000000 00:00 0 
7f8571000000-7f8571270000 rwxp 00000000 00:00 0 
7f8571270000-7f8574026000 rw-p 00000000 00:00 0 
7f8574026000-7f8578000000 ---p 00000000 00:00 0 
7f8579d72000-7f8579fad000 rw-p 00000000 00:00 0 
7f8579fad000-7f857a22d000 rw-p 00000000 00:00 0 
7f857a22d000-7f857a22e000 rw-p 00000000 00:00 0 
7f857a22e000-7f857a236000 r-xp 00000000 08:01 12110                      /usr/lib/jvm/java-7-openjdk-amd64/jre/lib/amd64/libzip.so
7f857a236000-7f857a435000 ---p 00008000 08:01 12110                      /usr/lib/jvm/java-7-openjdk-amd64/jre/lib/amd64/libzip.so
7f857a435000-7f857a436000 r--p 00007000 08:01 12110                      /usr/lib/jvm/java-7-openjdk-amd64/jre/lib/amd64/libzip.so
7f857a436000-7f857a437000 rw-p 00008000 08:01 12110                      /usr/lib/jvm/java-7-openjdk-amd64/jre/lib/amd64/libzip.so
7f857a437000-7f857a442000 r-xp 00000000 08:01 267003                     /lib/x86_64-linux-gnu/libnss_files-2.19.so
7f857a442000-7f857a641000 ---p 0000b000 08:01 267003                     /lib/x86_64-linux-gnu/libnss_files-2.19.so
7f857a641000-7f857a642000 r--p 0000a000 08:01 267003                     /lib/x86_64-linux-gnu/libnss_files-2.19.so
7f857a642000-7f857a643000 rw-p 0000b000 08:01 267003                     /lib/x86_64-linux-gnu/libnss_files-2.19.so
7f857a643000-7f857a64e000 r-xp 00000000 08:01 267013                     /lib/x86_64-linux-gnu/libnss_nis-2.19.so
7f857a64e000-7f857a84d000 ---p 0000b000 08:01 267013                     /lib/x86_64-linux-gnu/libnss_nis-2.19.so
7f857a84d000-7f857a84e000 r--p 0000a000 08:01 267013                     /lib/x86_64-linux-gnu/libnss_nis-2.19.so
7f857a84e000-7f857a84f000 rw-p 0000b000 08:01 267013                     /lib/x86_64-linux-gnu/libnss_nis-2.19.so
7f857a84f000-7f857a866000 r-xp 00000000 08:01 266997                     /lib/x86_64-linux-gnu/libnsl-2.19.so
7f857a866000-7f857aa65000 ---p 00017000 08:01 266997                     /lib/x86_64-linux-gnu/libnsl-2.19.so
7f857aa65000-7f857aa66000 r--p 00016000 08:01 266997                     /lib/x86_64-linux-gnu/libnsl-2.19.so
7f857aa66000-7f857aa67000 rw-p 00017000 08:01 266997                     /lib/x86_64-linux-gnu/libnsl-2.19.so
7f857aa67000-7f857aa69000 rw-p 00000000 00:00 0 
7f857aa69000-7f857aa72000 r-xp 00000000 08:01 266999                     /lib/x86_64-linux-gnu/libnss_compat-2.19.so
7f857aa72000-7f857ac71000 ---p 00009000 08:01 266999                     /lib/x86_64-linux-gnu/libnss_compat-2.19.so
7f857ac71000-7f857ac72000 r--p 00008000 08:01 266999                     /lib/x86_64-linux-gnu/libnss_compat-2.19.so
7f857ac72000-7f857ac73000 rw-p 00009000 08:01 266999                     /lib/x86_64-linux-gnu/libnss_compat-2.19.so
7f857ac73000-7f857ac9e000 r-xp 00000000 08:01 12118                      /usr/lib/jvm/java-7-openjdk-amd64/jre/lib/amd64/libjava.so
7f857ac9e000-7f857ae9e000 ---p 0002b000 08:01 12118                      /usr/lib/jvm/java-7-openjdk-amd64/jre/lib/amd64/libjava.so
7f857ae9e000-7f857ae9f000 r--p 0002b000 08:01 12118                      /usr/lib/jvm/java-7-openjdk-amd64/jre/lib/amd64/libjava.so
7f857ae9f000-7f857aea1000 rw-p 0002c000 08:01 12118                      /usr/lib/jvm/java-7-openjdk-amd64/jre/lib/amd64/libjava.so
7f857aea1000-7f857aeb1000 r-xp 00000000 08:01 12134                      /usr/lib/jvm/java-7-openjdk-amd64/jre/lib/amd64/libverify.so
7f857aeb1000-7f857b0b0000 ---p 00010000 08:01 12134                      /usr/lib/jvm/java-7-openjdk-amd64/jre/lib/amd64/libverify.so
7f857b0b0000-7f857b0b2000 r--p 0000f000 08:01 12134                      /usr/lib/jvm/java-7-openjdk-amd64/jre/lib/amd64/libverify.so
7f857b0b2000-7f857b0b3000 rw-p 00011000 08:01 12134                      /usr/lib/jvm/java-7-openjdk-amd64/jre/lib/amd64/libverify.so
7f857b0b3000-7f857b0ba000 r-xp 00000000 08:01 267056                     /lib/x86_64-linux-gnu/librt-2.19.so
7f857b0ba000-7f857b2b9000 ---p 00007000 08:01 267056                     /lib/x86_64-linux-gnu/librt-2.19.so
7f857b2b9000-7f857b2ba000 r--p 00006000 08:01 267056                     /lib/x86_64-linux-gnu/librt-2.19.so
7f857b2ba000-7f857b2bb000 rw-p 00007000 08:01 267056                     /lib/x86_64-linux-gnu/librt-2.19.so
7f857b2bb000-7f857b2d1000 r-xp 00000000 08:01 266955                     /lib/x86_64-linux-gnu/libgcc_s.so.1
7f857b2d1000-7f857b4d0000 ---p 00016000 08:01 266955                     /lib/x86_64-linux-gnu/libgcc_s.so.1
7f857b4d0000-7f857b4d1000 rw-p 00015000 08:01 266955                     /lib/x86_64-linux-gnu/libgcc_s.so.1
7f857b4d1000-7f857b5d6000 r-xp 00000000 08:01 266978                     /lib/x86_64-linux-gnu/libm-2.19.so
7f857b5d6000-7f857b7d5000 ---p 00105000 08:01 266978                     /lib/x86_64-linux-gnu/libm-2.19.so
7f857b7d5000-7f857b7d6000 r--p 00104000 08:01 266978                     /lib/x86_64-linux-gnu/libm-2.19.so
7f857b7d6000-7f857b7d7000 rw-p 00105000 08:01 266978                     /lib/x86_64-linux-gnu/libm-2.19.so
7f857b7d7000-7f857b8bd000 r-xp 00000000 08:01 535772                     /usr/lib/x86_64-linux-gnu/libstdc++.so.6.0.19
7f857b8bd000-7f857babc000 ---p 000e6000 08:01 535772                     /usr/lib/x86_64-linux-gnu/libstdc++.so.6.0.19
7f857babc000-7f857bac4000 r--p 000e5000 08:01 535772                     /usr/lib/x86_64-linux-gnu/libstdc++.so.6.0.19
7f857bac4000-7f857bac6000 rw-p 000ed000 08:01 535772                     /usr/lib/x86_64-linux-gnu/libstdc++.so.6.0.19
7f857bac6000-7f857badb000 rw-p 00000000 00:00 0 
7f857badb000-7f857c5ff000 r-xp 00000000 08:01 12125                      /usr/lib/jvm/java-7-openjdk-amd64/jre/lib/amd64/server/libjvm.so
7f857c5ff000-7f857c7ff000 ---p 00b24000 08:01 12125                      /usr/lib/jvm/java-7-openjdk-amd64/jre/lib/amd64/server/libjvm.so
7f857c7ff000-7f857c899000 r--p 00b24000 08:01 12125                      /usr/lib/jvm/java-7-openjdk-amd64/jre/lib/amd64/server/libjvm.so
7f857c899000-7f857c8bc000 rw-p 00bbe000 08:01 12125                      /usr/lib/jvm/java-7-openjdk-amd64/jre/lib/amd64/server/libjvm.so
7f857c8bc000-7f857c8ea000 rw-p 00000000 00:00 0 
7f857c8ea000-7f857c902000 r-xp 00000000 08:01 267091                     /lib/x86_64-linux-gnu/libz.so.1.2.8
7f857c902000-7f857cb01000 ---p 00018000 08:01 267091                     /lib/x86_64-linux-gnu/libz.so.1.2.8
7f857cb01000-7f857cb02000 r--p 00017000 08:01 267091                     /lib/x86_64-linux-gnu/libz.so.1.2.8
7f857cb02000-7f857cb03000 rw-p 00018000 08:01 267091                     /lib/x86_64-linux-gnu/libz.so.1.2.8
7f857cb03000-7f857cb1c000 r-xp 00000000 08:01 267048                     /lib/x86_64-linux-gnu/libpthread-2.19.so
7f857cb1c000-7f857cd1b000 ---p 00019000 08:01 267048                     /lib/x86_64-linux-gnu/libpthread-2.19.so
7f857cd1b000-7f857cd1c000 r--p 00018000 08:01 267048                     /lib/x86_64-linux-gnu/libpthread-2.19.so
7f857cd1c000-7f857cd1d000 rw-p 00019000 08:01 267048                     /lib/x86_64-linux-gnu/libpthread-2.19.so
7f857cd1d000-7f857cd21000 rw-p 00000000 00:00 0 
7f857cd21000-7f857cd24000 r-xp 00000000 08:01 266945                     /lib/x86_64-linux-gnu/libdl-2.19.so
7f857cd24000-7f857cf23000 ---p 00003000 08:01 266945                     /lib/x86_64-linux-gnu/libdl-2.19.so
7f857cf23000-7f857cf24000 r--p 00002000 08:01 266945                     /lib/x86_64-linux-gnu/libdl-2.19.so
7f857cf24000-7f857cf25000 rw-p 00003000 08:01 266945                     /lib/x86_64-linux-gnu/libdl-2.19.so
7f857cf25000-7f857d0e0000 r-xp 00000000 08:01 266928                     /lib/x86_64-linux-gnu/libc-2.19.so
7f857d0e0000-7f857d2df000 ---p 001bb000 08:01 266928                     /lib/x86_64-linux-gnu/libc-2.19.so
7f857d2df000-7f857d2e3000 r--p 001ba000 08:01 266928                     /lib/x86_64-linux-gnu/libc-2.19.so
7f857d2e3000-7f857d2e5000 rw-p 001be000 08:01 266928                     /lib/x86_64-linux-gnu/libc-2.19.so
7f857d2e5000-7f857d2ea000 rw-p 00000000 00:00 0 
7f857d2ea000-7f857d2f7000 r-xp 00000000 08:01 12136                      /usr/lib/jvm/java-7-openjdk-amd64/jre/lib/amd64/jli/libjli.so
7f857d2f7000-7f857d4f6000 ---p 0000d000 08:01 12136                      /usr/lib/jvm/java-7-openjdk-amd64/jre/lib/amd64/jli/libjli.so
7f857d4f6000-7f857d4f7000 r--p 0000c000 08:01 12136                      /usr/lib/jvm/java-7-openjdk-amd64/jre/lib/amd64/jli/libjli.so
7f857d4f7000-7f857d4f8000 rw-p 0000d000 08:01 12136                      /usr/lib/jvm/java-7-openjdk-amd64/jre/lib/amd64/jli/libjli.so
7f857d4f8000-7f857d51b000 r-xp 00000000 08:01 266904                     /lib/x86_64-linux-gnu/ld-2.19.so
7f857d53d000-7f857d547000 rw-p 00000000 00:00 0 
7f857d547000-7f857d5fd000 rw-p 00000000 00:00 0 
7f857d5fd000-7f857d600000 ---p 00000000 00:00 0 
7f857d600000-7f857d703000 rw-p 00000000 00:00 0                          [stack:3675]
7f857d70c000-7f857d70e000 rw-p 00000000 00:00 0 
7f857d70e000-7f857d716000 rw-s 00000000 08:01 1225653                    /tmp/hsperfdata_pierre/3674
7f857d716000-7f857d717000 rw-p 00000000 00:00 0 
7f857d717000-7f857d718000 r--p 00000000 00:00 0 
7f857d718000-7f857d71a000 rw-p 00000000 00:00 0 
7f857d71a000-7f857d71b000 r--p 00022000 08:01 266904                     /lib/x86_64-linux-gnu/ld-2.19.so
7f857d71b000-7f857d71c000 rw-p 00023000 08:01 266904                     /lib/x86_64-linux-gnu/ld-2.19.so
7f857d71c000-7f857d71d000 rw-p 00000000 00:00 0 
7ffd21862000-7ffd21884000 rw-p 00000000 00:00 0                          [stack]
7ffd218c8000-7ffd218ca000 r--p 00000000 00:00 0                          [vvar]
7ffd218ca000-7ffd218cc000 r-xp 00000000 00:00 0                          [vdso]
ffffffffff600000-ffffffffff601000 r-xp 00000000 00:00 0                  [vsyscall]

VM Arguments:
jvm_args: -Xbootclasspath/a: -Xms256m -Xmx1024m -XX:MaxPermSize=256m -XX:+HeapDumpOnOutOfMemoryError -XX:HeapDumpPath=/home/pierre/Desktop/swim15cf/ESB/wso2esb-4.9.0/repository/logs/heap-dump.hprof -Dcom.sun.management.jmxremote -Djava.endorsed.dirs=/home/pierre/Desktop/swim15cf/ESB/wso2esb-4.9.0/lib/endorsed:/usr//jre/lib/endorsed:/usr//lib/endorsed -Djava.io.tmpdir=/home/pierre/Desktop/swim15cf/ESB/wso2esb-4.9.0/tmp -Dcatalina.base=/home/pierre/Desktop/swim15cf/ESB/wso2esb-4.9.0/lib/tomcat -Dwso2.server.standalone=true -Dcarbon.registry.root=/ -Djava.command=/usr//bin/java -Dcarbon.home=/home/pierre/Desktop/swim15cf/ESB/wso2esb-4.9.0 -Djava.util.logging.manager=org.apache.juli.ClassLoaderLogManager -Dcarbon.config.dir.path=/home/pierre/Desktop/swim15cf/ESB/wso2esb-4.9.0/repository/conf -Djava.util.logging.config.file=/home/pierre/Desktop/swim15cf/ESB/wso2esb-4.9.0/repository/conf/etc/logging-bridge.properties -Dcomponents.repo=/home/pierre/Desktop/swim15cf/ESB/wso2esb-4.9.0/repository/components/plugins -Dconf.location=/home/pierre/Desktop/swim15cf/ESB/wso2esb-4.9.0/repository/conf -Dcom.atomikos.icatch.file=/home/pierre/Desktop/swim15cf/ESB/wso2esb-4.9.0/lib/transactions.properties -Dcom.atomikos.icatch.hide_init_file_path=true -Dorg.apache.jasper.compiler.Parser.STRICT_QUOTE_ESCAPING=false -Dorg.apache.jasper.runtime.BodyContentImpl.LIMIT_BUFFER=true -Dcom.sun.jndi.ldap.connect.pool.authentication=simple -Dcom.sun.jndi.ldap.connect.pool.timeout=3000 -Dorg.terracotta.quartz.skipUpdateCheck=true -Djava.security.egd=file:/dev/./urandom -Dfile.encoding=UTF8 -Djava.net.preferIPv4Stack=true -Dcom.ibm.cacheLocalHost=true -DworkerNode=false 
java_command: org.wso2.carbon.bootstrap.Bootstrap
Launcher Type: SUN_STANDARD

Environment Variables:
JAVA_HOME=/usr/
PATH=/usr/local/sbin:/usr/local/bin:/usr/sbin:/usr/bin:/sbin:/bin:/usr/games:/usr/local/games:/home/pierre/Desktop/node-v4.2.3-linux-x64/bin:/usr/bin/
SHELL=/bin/bash
DISPLAY=:0

Signal Handlers:
SIGSEGV: [libjvm.so+0x9548f0], sa_mask[0]=0x7ffbfeff, sa_flags=0x10000004
SIGBUS: [libjvm.so+0x9548f0], sa_mask[0]=0x7ffbfeff, sa_flags=0x10000004
SIGFPE: [libjvm.so+0x7cb0b0], sa_mask[0]=0x7ffbfeff, sa_flags=0x10000004
SIGPIPE: [libjvm.so+0x7cb0b0], sa_mask[0]=0x7ffbfeff, sa_flags=0x10000004
SIGXFSZ: [libjvm.so+0x7cb0b0], sa_mask[0]=0x7ffbfeff, sa_flags=0x10000004
SIGILL: [libjvm.so+0x7cb0b0], sa_mask[0]=0x7ffbfeff, sa_flags=0x10000004
SIGUSR1: SIG_DFL, sa_mask[0]=0x00000000, sa_flags=0x00000000
SIGUSR2: [libjvm.so+0x7caf50], sa_mask[0]=0x00000000, sa_flags=0x10000004
SIGHUP: SIG_DFL, sa_mask[0]=0x00000000, sa_flags=0x00000000
SIGINT: SIG_DFL, sa_mask[0]=0x00000000, sa_flags=0x00000000
SIGTERM: SIG_DFL, sa_mask[0]=0x00000000, sa_flags=0x00000000
SIGQUIT: SIG_DFL, sa_mask[0]=0x00000000, sa_flags=0x00000000
SIGTRAP: SIG_DFL, sa_mask[0]=0x00000000, sa_flags=0x00000000


---------------  S Y S T E M  ---------------

OS:Ubuntu 14.04 (trusty)
uname:Linux 3.19.0-30-generic #34~14.04.1-Ubuntu SMP Fri Oct 2 22:09:39 UTC 2015 x86_64
libc:glibc 2.19 NPTL 2.19 
rlimit: STACK 8192k, CORE 0k, NPROC 3856, NOFILE 4096, AS infinity
load average:3.82 2.41 1.28

/proc/meminfo:
MemTotal:        1008676 kB
MemFree:           65188 kB
MemAvailable:      39592 kB
Buffers:            2592 kB
Cached:            40388 kB
SwapCached:        12508 kB
Active:           404652 kB
Inactive:         392088 kB
Active(anon):     379464 kB
Inactive(anon):   379636 kB
Active(file):      25188 kB
Inactive(file):    12452 kB
Unevictable:          32 kB
Mlocked:              32 kB
SwapTotal:       1046524 kB
SwapFree:             68 kB
Dirty:               444 kB
Writeback:            60 kB
AnonPages:        741396 kB
Mapped:            28828 kB
Shmem:              5224 kB
Slab:              55912 kB
SReclaimable:      23788 kB
SUnreclaim:        32124 kB
KernelStack:       11312 kB
PageTables:        31708 kB
NFS_Unstable:          0 kB
Bounce:                0 kB
WritebackTmp:          0 kB
CommitLimit:     1550860 kB
Committed_AS:    5435188 kB
VmallocTotal:   34359738367 kB
VmallocUsed:      295124 kB
VmallocChunk:   34359401868 kB
HardwareCorrupted:     0 kB
AnonHugePages:    225280 kB
CmaTotal:              0 kB
CmaFree:               0 kB
HugePages_Total:       0
HugePages_Free:        0
HugePages_Rsvd:        0
HugePages_Surp:        0
Hugepagesize:       2048 kB
DirectMap4k:      100224 kB
DirectMap2M:      948224 kB


CPU:total 2 (1 cores per cpu, 1 threads per core) family 6 model 42 stepping 7, cmov, cx8, fxsr, mmx, sse, sse2, sse3, ssse3, sse4.1, sse4.2, popcnt, avx, aes, tsc, tscinvbit

/proc/cpuinfo:
processor	: 0
vendor_id	: GenuineIntel
cpu family	: 6
model		: 42
model name	: Intel(R) Core(TM) i7-2640M CPU @ 2.80GHz
stepping	: 7
microcode	: 0x28
cpu MHz		: 2792.526
cache size	: 4096 KB
physical id	: 0
siblings	: 1
core id		: 0
cpu cores	: 1
apicid		: 0
initial apicid	: 0
fpu		: yes
fpu_exception	: yes
cpuid level	: 13
wp		: yes
flags		: fpu vme de pse tsc msr pae mce cx8 apic sep mtrr pge mca cmov pat pse36 clflush dts mmx fxsr sse sse2 ss syscall nx rdtscp lm constant_tsc arch_perfmon pebs bts nopl xtopology tsc_reliable nonstop_tsc aperfmperf eagerfpu pni pclmulqdq ssse3 cx16 pcid sse4_1 sse4_2 x2apic popcnt aes xsave avx hypervisor lahf_lm ida arat epb pln pts dtherm xsaveopt
bugs		:
bogomips	: 5585.05
clflush size	: 64
cache_alignment	: 64
address sizes	: 40 bits physical, 48 bits virtual
power management:

processor	: 1
vendor_id	: GenuineIntel
cpu family	: 6
model		: 42
model name	: Intel(R) Core(TM) i7-2640M CPU @ 2.80GHz
stepping	: 7
microcode	: 0x28
cpu MHz		: 2792.526
cache size	: 4096 KB
physical id	: 2
siblings	: 1
core id		: 0
cpu cores	: 1
apicid		: 2
initial apicid	: 2
fpu		: yes
fpu_exception	: yes
cpuid level	: 13
wp		: yes
flags		: fpu vme de pse tsc msr pae mce cx8 apic sep mtrr pge mca cmov pat pse36 clflush dts mmx fxsr sse sse2 ss syscall nx rdtscp lm constant_tsc arch_perfmon pebs bts nopl xtopology tsc_reliable nonstop_tsc aperfmperf eagerfpu pni pclmulqdq ssse3 cx16 pcid sse4_1 sse4_2 x2apic popcnt aes xsave avx hypervisor lahf_lm ida arat epb pln pts dtherm xsaveopt
bugs		:
bogomips	: 5585.05
clflush size	: 64
cache_alignment	: 64
address sizes	: 40 bits physical, 48 bits virtual
power management:



Memory: 4k page, physical 1008676k(65596k free), swap 1046524k(68k free)

vm_info: OpenJDK 64-Bit Server VM (24.91-b01) for linux-amd64 JRE (1.7.0_91-b02), built on Nov 19 2015 06:14:37 by "buildd" with gcc 4.8.2

time: Mon Jan 25 14:09:56 2016
elapsed time: 0 seconds

